2021-11-30 05:01:56.935  INFO 6976 --- [restartedMain] com.dbs.paymentsapp.App                  : Starting App using Java 16.0.1 on EC2AMAZ-06474CL with PID 6976 (C:\Users\Administrator\Documents\workspace-spring-tool-suite-4-4.11.0.RELEASE\com.dbs.paymentsapp\target\classes started by Administrator in C:\Users\Administrator\Documents\workspace-spring-tool-suite-4-4.11.0.RELEASE\com.dbs.paymentsapp)
2021-11-30 05:01:56.940  INFO 6976 --- [restartedMain] com.dbs.paymentsapp.App                  : No active profile set, falling back to default profiles: default
2021-11-30 05:01:57.093  INFO 6976 --- [restartedMain] .e.DevToolsPropertyDefaultsPostProcessor : Devtools property defaults active! Set 'spring.devtools.add-properties' to 'false' to disable
2021-11-30 05:01:57.094  INFO 6976 --- [restartedMain] .e.DevToolsPropertyDefaultsPostProcessor : For additional web related logging consider setting the 'logging.level.web' property to 'DEBUG'
2021-11-30 05:02:00.078  INFO 6976 --- [restartedMain] .s.d.r.c.RepositoryConfigurationDelegate : Multiple Spring Data modules found, entering strict repository configuration mode!
2021-11-30 05:02:00.081  INFO 6976 --- [restartedMain] .s.d.r.c.RepositoryConfigurationDelegate : Bootstrapping Spring Data JDBC repositories in DEFAULT mode.
2021-11-30 05:02:00.273  INFO 6976 --- [restartedMain] .RepositoryConfigurationExtensionSupport : Spring Data JDBC - Could not safely identify store assignment for repository candidate interface com.dbs.paymentsapp.repository.CustomerRepository. If you want this repository to be a JDBC repository, consider annotating your entities with one of these annotations: org.springframework.data.relational.core.mapping.Table.
2021-11-30 05:02:00.276  INFO 6976 --- [restartedMain] .RepositoryConfigurationExtensionSupport : Spring Data JDBC - Could not safely identify store assignment for repository candidate interface com.dbs.paymentsapp.repository.RecieverRepository. If you want this repository to be a JDBC repository, consider annotating your entities with one of these annotations: org.springframework.data.relational.core.mapping.Table.
2021-11-30 05:02:00.280  INFO 6976 --- [restartedMain] .RepositoryConfigurationExtensionSupport : Spring Data JDBC - Could not safely identify store assignment for repository candidate interface com.dbs.paymentsapp.repository.TransactionRepository. If you want this repository to be a JDBC repository, consider annotating your entities with one of these annotations: org.springframework.data.relational.core.mapping.Table.
2021-11-30 05:02:00.282  INFO 6976 --- [restartedMain] .s.d.r.c.RepositoryConfigurationDelegate : Finished Spring Data repository scanning in 89 ms. Found 0 JDBC repository interfaces.
2021-11-30 05:02:00.294  INFO 6976 --- [restartedMain] .s.d.r.c.RepositoryConfigurationDelegate : Multiple Spring Data modules found, entering strict repository configuration mode!
2021-11-30 05:02:00.295  INFO 6976 --- [restartedMain] .s.d.r.c.RepositoryConfigurationDelegate : Bootstrapping Spring Data JPA repositories in DEFAULT mode.
2021-11-30 05:02:00.539  INFO 6976 --- [restartedMain] .s.d.r.c.RepositoryConfigurationDelegate : Finished Spring Data repository scanning in 235 ms. Found 3 JPA repository interfaces.
2021-11-30 05:02:02.682  INFO 6976 --- [restartedMain] o.s.b.w.embedded.tomcat.TomcatWebServer  : Tomcat initialized with port(s): 8080 (http)
2021-11-30 05:02:02.702  INFO 6976 --- [restartedMain] o.apache.catalina.core.StandardService   : Starting service [Tomcat]
2021-11-30 05:02:02.703  INFO 6976 --- [restartedMain] org.apache.catalina.core.StandardEngine  : Starting Servlet engine: [Apache Tomcat/9.0.54]
2021-11-30 05:02:03.057  INFO 6976 --- [restartedMain] o.a.c.c.C.[Tomcat].[localhost].[/]       : Initializing Spring embedded WebApplicationContext
2021-11-30 05:02:03.058  INFO 6976 --- [restartedMain] w.s.c.ServletWebServerApplicationContext : Root WebApplicationContext: initialization completed in 5963 ms
2021-11-30 05:02:03.108  INFO 6976 --- [restartedMain] com.zaxxer.hikari.HikariDataSource       : HikariPool-1 - Starting...
2021-11-30 05:02:03.630  INFO 6976 --- [restartedMain] com.zaxxer.hikari.HikariDataSource       : HikariPool-1 - Start completed.
2021-11-30 05:02:03.645  INFO 6976 --- [restartedMain] o.s.b.a.h2.H2ConsoleAutoConfiguration    : H2 console available at '/h2-console'. Database available at 'jdbc:mariadb://localhost:3307/test'
2021-11-30 05:02:03.938  INFO 6976 --- [restartedMain] o.hibernate.jpa.internal.util.LogHelper  : HHH000204: Processing PersistenceUnitInfo [name: default]
2021-11-30 05:02:04.192  INFO 6976 --- [restartedMain] org.hibernate.Version                    : HHH000412: Hibernate ORM core version 5.4.32.Final
2021-11-30 05:02:04.909  INFO 6976 --- [restartedMain] o.hibernate.annotations.common.Version   : HCANN000001: Hibernate Commons Annotations {5.1.2.Final}
2021-11-30 05:02:05.514  INFO 6976 --- [restartedMain] org.hibernate.dialect.Dialect            : HHH000400: Using dialect: org.hibernate.dialect.MariaDB103Dialect
2021-11-30 05:02:08.496  INFO 6976 --- [restartedMain] o.h.e.t.j.p.i.JtaPlatformInitiator       : HHH000490: Using JtaPlatform implementation: [org.hibernate.engine.transaction.jta.platform.internal.NoJtaPlatform]
2021-11-30 05:02:08.507  INFO 6976 --- [restartedMain] j.LocalContainerEntityManagerFactoryBean : Initialized JPA EntityManagerFactory for persistence unit 'default'
2021-11-30 05:02:10.048  WARN 6976 --- [restartedMain] JpaBaseConfiguration$JpaWebConfiguration : spring.jpa.open-in-view is enabled by default. Therefore, database queries may be performed during view rendering. Explicitly configure spring.jpa.open-in-view to disable this warning
2021-11-30 05:02:10.689  INFO 6976 --- [restartedMain] pertySourcedRequestMappingHandlerMapping : Mapped URL path [/v2/api-docs] onto method [springfox.documentation.swagger2.web.Swagger2Controller#getDocumentation(String, HttpServletRequest)]
2021-11-30 05:02:11.030  INFO 6976 --- [restartedMain] o.s.b.d.a.OptionalLiveReloadServer       : LiveReload server is running on port 35729
2021-11-30 05:02:12.166  INFO 6976 --- [restartedMain] o.s.b.w.embedded.tomcat.TomcatWebServer  : Tomcat started on port(s): 8080 (http) with context path ''
2021-11-30 05:02:12.167  INFO 6976 --- [restartedMain] d.s.w.p.DocumentationPluginsBootstrapper : Context refreshed
2021-11-30 05:02:12.214  INFO 6976 --- [restartedMain] d.s.w.p.DocumentationPluginsBootstrapper : Found 1 custom documentation plugin(s)
2021-11-30 05:02:12.246  INFO 6976 --- [restartedMain] s.d.s.w.s.ApiListingReferenceScanner     : Scanning for api listing references
2021-11-30 05:02:12.645  INFO 6976 --- [restartedMain] com.dbs.paymentsapp.App                  : Started App in 17.892 seconds (JVM running for 20.056)
2021-11-30 05:02:40.297  INFO 6976 --- [http-nio-8080-exec-1] o.a.c.c.C.[Tomcat].[localhost].[/]       : Initializing Spring DispatcherServlet 'dispatcherServlet'
2021-11-30 05:02:40.298  INFO 6976 --- [http-nio-8080-exec-1] o.s.web.servlet.DispatcherServlet        : Initializing Servlet 'dispatcherServlet'
2021-11-30 05:02:40.299  INFO 6976 --- [http-nio-8080-exec-1] o.s.web.servlet.DispatcherServlet        : Completed initialization in 1 ms
2021-11-30 05:03:23.715  INFO 6976 --- [http-nio-8080-exec-3] c.d.p.controller.RecieverController      : bank id verification
2021-11-30 05:03:23.760 ERROR 6976 --- [http-nio-8080-exec-3] c.d.p.exception.CustomExceptionHandler   : handleRecieverNotFoundException
2021-11-30 05:03:23.762  WARN 6976 --- [http-nio-8080-exec-3] .m.m.a.ExceptionHandlerExceptionResolver : Resolved [com.dbs.paymentsapp.exception.RecieverNotFoundException: The reciever with given ID do not exist]
2021-11-30 05:03:53.579  INFO 6976 --- [http-nio-8080-exec-4] c.d.p.controller.RecieverController      : bank id verification
2021-11-30 05:03:53.583 ERROR 6976 --- [http-nio-8080-exec-4] c.d.p.exception.CustomExceptionHandler   : handleRecieverNotFoundException
2021-11-30 05:03:53.584  WARN 6976 --- [http-nio-8080-exec-4] .m.m.a.ExceptionHandlerExceptionResolver : Resolved [com.dbs.paymentsapp.exception.RecieverNotFoundException: The reciever with given ID do not exist]
